GowinSynthesis start
Running parser ...
Analyzing Verilog file 'D:\Gowin\wdt\src\debounce.v'
Analyzing Verilog file 'D:\Gowin\wdt\src\regfile.v'
Analyzing Verilog file 'D:\Gowin\wdt\src\top.v'
Analyzing Verilog file 'D:\Gowin\wdt\src\uart.v'
Analyzing Verilog file 'D:\Gowin\wdt\src\uart_engine.v'
Analyzing Verilog file 'D:\Gowin\wdt\src\uart_rx.v'
Analyzing Verilog file 'D:\Gowin\wdt\src\uart_tx.v'
Analyzing Verilog file 'D:\Gowin\wdt\src\wdt.v'
Compiling module 'watchdog_top'("D:\Gowin\wdt\src\top.v":1)
Compiling module 'sync_debounce'("D:\Gowin\wdt\src\debounce.v":1)
WARN  (EX3791) : Expression size 25 truncated to fit in target size 24("D:\Gowin\wdt\src\debounce.v":38)
Compiling module 'uart'("D:\Gowin\wdt\src\uart.v":1)
Compiling module 'uart_rx'("D:\Gowin\wdt\src\uart_rx.v":1)
WARN  (EX3791) : Expression size 17 truncated to fit in target size 16("D:\Gowin\wdt\src\uart_rx.v":46)
WARN  (EX3791) : Expression size 5 truncated to fit in target size 4("D:\Gowin\wdt\src\uart_rx.v":54)
WARN  (EX3791) : Expression size 17 truncated to fit in target size 16("D:\Gowin\wdt\src\uart_rx.v":55)
WARN  (EX3791) : Expression size 17 truncated to fit in target size 16("D:\Gowin\wdt\src\uart_rx.v":62)
Compiling module 'uart_engine'("D:\Gowin\wdt\src\uart_engine.v":1)
WARN  (EX3791) : Expression size 4 truncated to fit in target size 3("D:\Gowin\wdt\src\uart_engine.v":76)
Compiling module 'uart_tx'("D:\Gowin\wdt\src\uart_tx.v":1)
WARN  (EX3791) : Expression size 17 truncated to fit in target size 16("D:\Gowin\wdt\src\uart_tx.v":44)
WARN  (EX3791) : Expression size 17 truncated to fit in target size 16("D:\Gowin\wdt\src\uart_tx.v":54)
WARN  (EX3791) : Expression size 5 truncated to fit in target size 4("D:\Gowin\wdt\src\uart_tx.v":58)
WARN  (EX3791) : Expression size 17 truncated to fit in target size 16("D:\Gowin\wdt\src\uart_tx.v":64)
Compiling module 'regfile'("D:\Gowin\wdt\src\regfile.v":1)
Compiling module 'watchdog_core'("D:\Gowin\wdt\src\wdt.v":1)
WARN  (EX3791) : Expression size 17 truncated to fit in target size 16("D:\Gowin\wdt\src\wdt.v":37)
WARN  (EX3791) : Expression size 11 truncated to fit in target size 10("D:\Gowin\wdt\src\wdt.v":38)
NOTE  (EX0101) : Current top module is "watchdog_top"
[5%] Running netlist conversion ...
Running device independent optimization ...
[10%] Optimizing Phase 0 completed
[15%] Optimizing Phase 1 completed
[25%] Optimizing Phase 2 completed
Running inference ...
[30%] Inferring Phase 0 completed
[40%] Inferring Phase 1 completed
[50%] Inferring Phase 2 completed
[55%] Inferring Phase 3 completed
Running technical mapping ...
[60%] Tech-Mapping Phase 0 completed
[65%] Tech-Mapping Phase 1 completed
[75%] Tech-Mapping Phase 2 completed
[80%] Tech-Mapping Phase 3 completed
[90%] Tech-Mapping Phase 4 completed
[95%] Generate netlist file "D:\Gowin\wdt\impl\gwsynthesis\wdt.vg" completed
[100%] Generate report file "D:\Gowin\wdt\impl\gwsynthesis\wdt_syn.rpt.html" completed
GowinSynthesis finish
